[0.327s] DEBUG:colcon:Command line arguments: ['/usr/bin/colcon', 'build']
[0.327s] DEBUG:colcon:Parsed command line arguments: Namespace(allow_overriding=[], ament_cmake_args=None, base_paths=['.'], build_base='build', catkin_cmake_args=None, catkin_skip_building_tests=False, cmake_args=None, cmake_clean_cache=False, cmake_clean_first=False, cmake_force_configure=False, cmake_target=None, cmake_target_skip_unavailable=False, continue_on_error=False, event_handlers=None, executor='parallel', ignore_user_meta=False, install_base='install', log_base=None, log_level=None, main=<bound method BuildVerb.main of <colcon_core.verb.build.BuildVerb object at 0x7f6fa02a1c40>>, merge_install=False, metas=['./colcon.meta'], packages_above=None, packages_above_and_dependencies=None, packages_above_depth=None, packages_end=None, packages_ignore=None, packages_ignore_regex=None, packages_select=None, packages_select_build_failed=False, packages_select_by_dep=None, packages_select_regex=None, packages_select_test_failures=False, packages_skip=None, packages_skip_build_finished=False, packages_skip_by_dep=None, packages_skip_regex=None, packages_skip_test_passed=False, packages_skip_up_to=None, packages_start=None, packages_up_to=None, packages_up_to_regex=None, parallel_workers=4, paths=None, symlink_install=False, test_result_base=None, verb_extension=<colcon_core.verb.build.BuildVerb object at 0x7f6fa02a1c40>, verb_name='build', verb_parser=<colcon_defaults.argument_parser.defaults.DefaultArgumentsDecorator object at 0x7f6fa02ab1f0>)
[0.357s] Level 1:colcon.colcon_core.package_discovery:discover_packages(colcon_meta) check parameters
[0.357s] Level 1:colcon.colcon_core.package_discovery:discover_packages(recursive) check parameters
[0.357s] Level 1:colcon.colcon_core.package_discovery:discover_packages(ignore) check parameters
[0.357s] Level 1:colcon.colcon_core.package_discovery:discover_packages(path) check parameters
[0.357s] Level 1:colcon.colcon_core.package_discovery:discover_packages(colcon_meta) discover
[0.357s] Level 1:colcon.colcon_core.package_discovery:discover_packages(recursive) discover
[0.357s] INFO:colcon.colcon_core.package_discovery:Crawling recursively for packages in '/home/vboxuser/Documenti/Project'
[0.358s] Level 1:colcon.colcon_core.package_identification:_identify(.) by extensions ['ignore', 'ignore_ament_install']
[0.358s] Level 1:colcon.colcon_core.package_identification:_identify(.) by extension 'ignore'
[0.358s] Level 1:colcon.colcon_core.package_identification:_identify(.) by extension 'ignore_ament_install'
[0.358s] Level 1:colcon.colcon_core.package_identification:_identify(.) by extensions ['colcon_pkg']
[0.358s] Level 1:colcon.colcon_core.package_identification:_identify(.) by extension 'colcon_pkg'
[0.358s] Level 1:colcon.colcon_core.package_identification:_identify(.) by extensions ['colcon_meta']
[0.358s] Level 1:colcon.colcon_core.package_identification:_identify(.) by extension 'colcon_meta'
[0.358s] Level 1:colcon.colcon_core.package_identification:_identify(.) by extensions ['ros']
[0.358s] Level 1:colcon.colcon_core.package_identification:_identify(.) by extension 'ros'
[0.382s] Level 1:colcon.colcon_core.package_identification:_identify(.) by extensions ['cmake', 'python']
[0.382s] Level 1:colcon.colcon_core.package_identification:_identify(.) by extension 'cmake'
[0.382s] Level 1:colcon.colcon_core.package_identification:_identify(.) by extension 'python'
[0.382s] Level 1:colcon.colcon_core.package_identification:_identify(.) by extensions ['python_setup_py']
[0.383s] Level 1:colcon.colcon_core.package_identification:_identify(.) by extension 'python_setup_py'
[0.383s] Level 1:colcon.colcon_core.package_identification:_identify(build) by extensions ['ignore', 'ignore_ament_install']
[0.383s] Level 1:colcon.colcon_core.package_identification:_identify(build) by extension 'ignore'
[0.383s] Level 1:colcon.colcon_core.package_identification:_identify(build) ignored
[0.383s] Level 1:colcon.colcon_core.package_identification:_identify(install) by extensions ['ignore', 'ignore_ament_install']
[0.383s] Level 1:colcon.colcon_core.package_identification:_identify(install) by extension 'ignore'
[0.383s] Level 1:colcon.colcon_core.package_identification:_identify(install) ignored
[0.383s] Level 1:colcon.colcon_core.package_identification:_identify(log) by extensions ['ignore', 'ignore_ament_install']
[0.383s] Level 1:colcon.colcon_core.package_identification:_identify(log) by extension 'ignore'
[0.383s] Level 1:colcon.colcon_core.package_identification:_identify(log) ignored
[0.383s] Level 1:colcon.colcon_core.package_identification:_identify(pf) by extensions ['ignore', 'ignore_ament_install']
[0.384s] Level 1:colcon.colcon_core.package_identification:_identify(pf) by extension 'ignore'
[0.384s] Level 1:colcon.colcon_core.package_identification:_identify(pf) by extension 'ignore_ament_install'
[0.384s] Level 1:colcon.colcon_core.package_identification:_identify(pf) by extensions ['colcon_pkg']
[0.384s] Level 1:colcon.colcon_core.package_identification:_identify(pf) by extension 'colcon_pkg'
[0.384s] Level 1:colcon.colcon_core.package_identification:_identify(pf) by extensions ['colcon_meta']
[0.384s] Level 1:colcon.colcon_core.package_identification:_identify(pf) by extension 'colcon_meta'
[0.384s] Level 1:colcon.colcon_core.package_identification:_identify(pf) by extensions ['ros']
[0.384s] Level 1:colcon.colcon_core.package_identification:_identify(pf) by extension 'ros'
[0.387s] DEBUG:colcon.colcon_core.package_identification:Package 'pf' with type 'ros.ament_cmake' and name 'particle_filter'
[0.387s] Level 1:colcon.colcon_core.package_discovery:discover_packages(recursive) using defaults
[0.387s] Level 1:colcon.colcon_core.package_discovery:discover_packages(ignore) discover
[0.387s] Level 1:colcon.colcon_core.package_discovery:discover_packages(ignore) using defaults
[0.387s] Level 1:colcon.colcon_core.package_discovery:discover_packages(path) discover
[0.387s] Level 1:colcon.colcon_core.package_discovery:discover_packages(path) using defaults
[0.410s] Level 1:colcon.colcon_core.package_discovery:discover_packages(prefix_path) check parameters
[0.410s] Level 1:colcon.colcon_core.package_discovery:discover_packages(prefix_path) discover
[0.413s] DEBUG:colcon.colcon_installed_package_information.package_discovery:Found 4 installed packages in /home/vboxuser/Documenti/Project/pf/install
[0.414s] DEBUG:colcon.colcon_installed_package_information.package_discovery:Found 0 installed packages in /home/vboxuser/Documenti/Project/pf/demo_pf/install
[0.416s] DEBUG:colcon.colcon_installed_package_information.package_discovery:Found 257 installed packages in /opt/ros/foxy
[0.418s] Level 1:colcon.colcon_core.package_discovery:discover_packages(prefix_path) using defaults
[0.488s] Level 5:colcon.colcon_core.verb:set package 'particle_filter' build argument 'cmake_args' from command line to 'None'
[0.488s] Level 5:colcon.colcon_core.verb:set package 'particle_filter' build argument 'cmake_target' from command line to 'None'
[0.488s] Level 5:colcon.colcon_core.verb:set package 'particle_filter' build argument 'cmake_target_skip_unavailable' from command line to 'False'
[0.488s] Level 5:colcon.colcon_core.verb:set package 'particle_filter' build argument 'cmake_clean_cache' from command line to 'False'
[0.488s] Level 5:colcon.colcon_core.verb:set package 'particle_filter' build argument 'cmake_clean_first' from command line to 'False'
[0.488s] Level 5:colcon.colcon_core.verb:set package 'particle_filter' build argument 'cmake_force_configure' from command line to 'False'
[0.488s] Level 5:colcon.colcon_core.verb:set package 'particle_filter' build argument 'ament_cmake_args' from command line to 'None'
[0.488s] Level 5:colcon.colcon_core.verb:set package 'particle_filter' build argument 'catkin_cmake_args' from command line to 'None'
[0.488s] Level 5:colcon.colcon_core.verb:set package 'particle_filter' build argument 'catkin_skip_building_tests' from command line to 'False'
[0.488s] DEBUG:colcon.colcon_core.verb:Building package 'particle_filter' with the following arguments: {'ament_cmake_args': None, 'build_base': '/home/vboxuser/Documenti/Project/build/particle_filter', 'catkin_cmake_args': None, 'catkin_skip_building_tests': False, 'cmake_args': None, 'cmake_clean_cache': False, 'cmake_clean_first': False, 'cmake_force_configure': False, 'cmake_target': None, 'cmake_target_skip_unavailable': False, 'install_base': '/home/vboxuser/Documenti/Project/install/particle_filter', 'merge_install': False, 'path': '/home/vboxuser/Documenti/Project/pf', 'symlink_install': False, 'test_result_base': None}
[0.489s] INFO:colcon.colcon_core.executor:Executing jobs using 'parallel' executor
[0.493s] DEBUG:colcon.colcon_parallel_executor.executor.parallel:run_until_complete
[0.493s] INFO:colcon.colcon_ros.task.ament_cmake.build:Building ROS package in '/home/vboxuser/Documenti/Project/pf' with build type 'ament_cmake'
[0.493s] INFO:colcon.colcon_cmake.task.cmake.build:Building CMake package in '/home/vboxuser/Documenti/Project/pf'
[0.499s] INFO:colcon.colcon_core.plugin_system:Skipping extension 'colcon_core.shell.bat': Not used on non-Windows systems
[0.499s] INFO:colcon.colcon_core.shell:Skip shell extension 'powershell' for command environment: Not usable outside of PowerShell
[0.499s] DEBUG:colcon.colcon_core.shell:Skip shell extension 'dsv' for command environment
[0.516s] DEBUG:colcon.colcon_core.event_handler.log_command:Invoking command in '/home/vboxuser/Documenti/Project/build/particle_filter': CMAKE_PREFIX_PATH=${CMAKE_PREFIX_PATH}:/home/vboxuser/Documenti/Project/pf/install/py_pubsub:/opt/ros/foxy /usr/bin/cmake --build /home/vboxuser/Documenti/Project/build/particle_filter -- -j4 -l4
[2.407s] DEBUG:colcon.colcon_core.event_handler.log_command:Invoked command in '/home/vboxuser/Documenti/Project/build/particle_filter' returned '0': CMAKE_PREFIX_PATH=${CMAKE_PREFIX_PATH}:/home/vboxuser/Documenti/Project/pf/install/py_pubsub:/opt/ros/foxy /usr/bin/cmake --build /home/vboxuser/Documenti/Project/build/particle_filter -- -j4 -l4
[2.466s] DEBUG:colcon.colcon_core.event_handler.log_command:Invoking command in '/home/vboxuser/Documenti/Project/build/particle_filter': CMAKE_PREFIX_PATH=${CMAKE_PREFIX_PATH}:/home/vboxuser/Documenti/Project/pf/install/py_pubsub:/opt/ros/foxy /usr/bin/cmake --install /home/vboxuser/Documenti/Project/build/particle_filter
[2.490s] Level 1:colcon.colcon_core.environment:create_environment_scripts_only(particle_filter)
[2.491s] DEBUG:colcon.colcon_core.event_handler.log_command:Invoked command in '/home/vboxuser/Documenti/Project/build/particle_filter' returned '0': CMAKE_PREFIX_PATH=${CMAKE_PREFIX_PATH}:/home/vboxuser/Documenti/Project/pf/install/py_pubsub:/opt/ros/foxy /usr/bin/cmake --install /home/vboxuser/Documenti/Project/build/particle_filter
[2.497s] Level 1:colcon.colcon_core.environment:checking '/home/vboxuser/Documenti/Project/install/particle_filter' for CMake module files
[2.497s] Level 1:colcon.colcon_core.environment:checking '/home/vboxuser/Documenti/Project/install/particle_filter' for CMake config files
[2.498s] Level 1:colcon.colcon_core.shell:create_environment_hook('particle_filter', 'cmake_prefix_path')
[2.499s] INFO:colcon.colcon_core.shell:Creating environment hook '/home/vboxuser/Documenti/Project/install/particle_filter/share/particle_filter/hook/cmake_prefix_path.ps1'
[2.500s] INFO:colcon.colcon_core.shell:Creating environment descriptor '/home/vboxuser/Documenti/Project/install/particle_filter/share/particle_filter/hook/cmake_prefix_path.dsv'
[2.500s] INFO:colcon.colcon_core.shell:Creating environment hook '/home/vboxuser/Documenti/Project/install/particle_filter/share/particle_filter/hook/cmake_prefix_path.sh'
[2.501s] Level 1:colcon.colcon_core.environment:checking '/home/vboxuser/Documenti/Project/install/particle_filter/lib'
[2.501s] Level 1:colcon.colcon_core.environment:checking '/home/vboxuser/Documenti/Project/install/particle_filter/bin'
[2.502s] Level 1:colcon.colcon_core.environment:checking '/home/vboxuser/Documenti/Project/install/particle_filter/lib/pkgconfig/particle_filter.pc'
[2.502s] Level 1:colcon.colcon_core.environment:checking '/home/vboxuser/Documenti/Project/install/particle_filter/lib/python3.8/site-packages'
[2.502s] Level 1:colcon.colcon_core.environment:checking '/home/vboxuser/Documenti/Project/install/particle_filter/bin'
[2.503s] INFO:colcon.colcon_core.shell:Creating package script '/home/vboxuser/Documenti/Project/install/particle_filter/share/particle_filter/package.ps1'
[2.504s] INFO:colcon.colcon_core.shell:Creating package descriptor '/home/vboxuser/Documenti/Project/install/particle_filter/share/particle_filter/package.dsv'
[2.505s] INFO:colcon.colcon_core.shell:Creating package script '/home/vboxuser/Documenti/Project/install/particle_filter/share/particle_filter/package.sh'
[2.506s] INFO:colcon.colcon_core.shell:Creating package script '/home/vboxuser/Documenti/Project/install/particle_filter/share/particle_filter/package.bash'
[2.506s] INFO:colcon.colcon_core.shell:Creating package script '/home/vboxuser/Documenti/Project/install/particle_filter/share/particle_filter/package.zsh'
[2.507s] Level 1:colcon.colcon_core.environment:create_file_with_runtime_dependencies(/home/vboxuser/Documenti/Project/install/particle_filter/share/colcon-core/packages/particle_filter)
[2.551s] Level 1:colcon.colcon_core.environment:create_environment_scripts_only(particle_filter)
[2.553s] Level 1:colcon.colcon_core.environment:checking '/home/vboxuser/Documenti/Project/install/particle_filter' for CMake module files
[2.554s] Level 1:colcon.colcon_core.environment:checking '/home/vboxuser/Documenti/Project/install/particle_filter' for CMake config files
[2.554s] Level 1:colcon.colcon_core.shell:create_environment_hook('particle_filter', 'cmake_prefix_path')
[2.555s] INFO:colcon.colcon_core.shell:Creating environment hook '/home/vboxuser/Documenti/Project/install/particle_filter/share/particle_filter/hook/cmake_prefix_path.ps1'
[2.556s] INFO:colcon.colcon_core.shell:Creating environment descriptor '/home/vboxuser/Documenti/Project/install/particle_filter/share/particle_filter/hook/cmake_prefix_path.dsv'
[2.557s] INFO:colcon.colcon_core.shell:Creating environment hook '/home/vboxuser/Documenti/Project/install/particle_filter/share/particle_filter/hook/cmake_prefix_path.sh'
[2.557s] Level 1:colcon.colcon_core.environment:checking '/home/vboxuser/Documenti/Project/install/particle_filter/lib'
[2.557s] Level 1:colcon.colcon_core.environment:checking '/home/vboxuser/Documenti/Project/install/particle_filter/bin'
[2.557s] Level 1:colcon.colcon_core.environment:checking '/home/vboxuser/Documenti/Project/install/particle_filter/lib/pkgconfig/particle_filter.pc'
[2.558s] Level 1:colcon.colcon_core.environment:checking '/home/vboxuser/Documenti/Project/install/particle_filter/lib/python3.8/site-packages'
[2.558s] Level 1:colcon.colcon_core.environment:checking '/home/vboxuser/Documenti/Project/install/particle_filter/bin'
[2.559s] INFO:colcon.colcon_core.shell:Creating package script '/home/vboxuser/Documenti/Project/install/particle_filter/share/particle_filter/package.ps1'
[2.560s] INFO:colcon.colcon_core.shell:Creating package descriptor '/home/vboxuser/Documenti/Project/install/particle_filter/share/particle_filter/package.dsv'
[2.560s] INFO:colcon.colcon_core.shell:Creating package script '/home/vboxuser/Documenti/Project/install/particle_filter/share/particle_filter/package.sh'
[2.561s] INFO:colcon.colcon_core.shell:Creating package script '/home/vboxuser/Documenti/Project/install/particle_filter/share/particle_filter/package.bash'
[2.561s] INFO:colcon.colcon_core.shell:Creating package script '/home/vboxuser/Documenti/Project/install/particle_filter/share/particle_filter/package.zsh'
[2.562s] Level 1:colcon.colcon_core.environment:create_file_with_runtime_dependencies(/home/vboxuser/Documenti/Project/install/particle_filter/share/colcon-core/packages/particle_filter)
[2.562s] DEBUG:colcon.colcon_parallel_executor.executor.parallel:closing loop
[2.563s] DEBUG:colcon.colcon_parallel_executor.executor.parallel:loop closed
[2.563s] DEBUG:colcon.colcon_parallel_executor.executor.parallel:run_until_complete finished with '0'
[2.563s] DEBUG:colcon.colcon_core.event_reactor:joining thread
[2.569s] INFO:colcon.colcon_core.plugin_system:Skipping extension 'colcon_notification.desktop_notification.terminal_notifier': Not used on non-Darwin systems
[2.569s] INFO:colcon.colcon_core.plugin_system:Skipping extension 'colcon_notification.desktop_notification.win32': Not used on non-Windows systems
[2.569s] INFO:colcon.colcon_notification.desktop_notification:Sending desktop notification using 'notify2'
[2.601s] DEBUG:colcon.colcon_core.event_reactor:joined thread
[2.602s] INFO:colcon.colcon_core.shell:Creating prefix script '/home/vboxuser/Documenti/Project/install/local_setup.ps1'
[2.604s] INFO:colcon.colcon_core.shell:Creating prefix util module '/home/vboxuser/Documenti/Project/install/_local_setup_util_ps1.py'
[2.606s] INFO:colcon.colcon_core.shell:Creating prefix chain script '/home/vboxuser/Documenti/Project/install/setup.ps1'
[2.608s] INFO:colcon.colcon_core.shell:Creating prefix script '/home/vboxuser/Documenti/Project/install/local_setup.sh'
[2.609s] INFO:colcon.colcon_core.shell:Creating prefix util module '/home/vboxuser/Documenti/Project/install/_local_setup_util_sh.py'
[2.609s] INFO:colcon.colcon_core.shell:Creating prefix chain script '/home/vboxuser/Documenti/Project/install/setup.sh'
[2.611s] INFO:colcon.colcon_core.shell:Creating prefix script '/home/vboxuser/Documenti/Project/install/local_setup.bash'
[2.611s] INFO:colcon.colcon_core.shell:Creating prefix chain script '/home/vboxuser/Documenti/Project/install/setup.bash'
[2.617s] INFO:colcon.colcon_core.shell:Creating prefix script '/home/vboxuser/Documenti/Project/install/local_setup.zsh'
[2.617s] INFO:colcon.colcon_core.shell:Creating prefix chain script '/home/vboxuser/Documenti/Project/install/setup.zsh'
