[0.314s] DEBUG:colcon:Command line arguments: ['/usr/bin/colcon', 'build']
[0.314s] DEBUG:colcon:Parsed command line arguments: Namespace(allow_overriding=[], ament_cmake_args=None, base_paths=['.'], build_base='build', catkin_cmake_args=None, catkin_skip_building_tests=False, cmake_args=None, cmake_clean_cache=False, cmake_clean_first=False, cmake_force_configure=False, cmake_target=None, cmake_target_skip_unavailable=False, continue_on_error=False, event_handlers=None, executor='parallel', ignore_user_meta=False, install_base='install', log_base=None, log_level=None, main=<bound method BuildVerb.main of <colcon_core.verb.build.BuildVerb object at 0x7fa50941e940>>, merge_install=False, metas=['./colcon.meta'], packages_above=None, packages_above_and_dependencies=None, packages_above_depth=None, packages_end=None, packages_ignore=None, packages_ignore_regex=None, packages_select=None, packages_select_build_failed=False, packages_select_by_dep=None, packages_select_regex=None, packages_select_test_failures=False, packages_skip=None, packages_skip_build_finished=False, packages_skip_by_dep=None, packages_skip_regex=None, packages_skip_test_passed=False, packages_skip_up_to=None, packages_start=None, packages_up_to=None, packages_up_to_regex=None, parallel_workers=2, paths=None, symlink_install=False, test_result_base=None, verb_extension=<colcon_core.verb.build.BuildVerb object at 0x7fa50941e940>, verb_name='build', verb_parser=<colcon_defaults.argument_parser.defaults.DefaultArgumentsDecorator object at 0x7fa50941eeb0>)
[0.346s] Level 1:colcon.colcon_core.package_discovery:discover_packages(colcon_meta) check parameters
[0.346s] Level 1:colcon.colcon_core.package_discovery:discover_packages(recursive) check parameters
[0.346s] Level 1:colcon.colcon_core.package_discovery:discover_packages(ignore) check parameters
[0.346s] Level 1:colcon.colcon_core.package_discovery:discover_packages(path) check parameters
[0.346s] Level 1:colcon.colcon_core.package_discovery:discover_packages(colcon_meta) discover
[0.346s] Level 1:colcon.colcon_core.package_discovery:discover_packages(recursive) discover
[0.346s] INFO:colcon.colcon_core.package_discovery:Crawling recursively for packages in '/home/vboxuser/Documenti/Project/pf'
[0.346s] Level 1:colcon.colcon_core.package_identification:_identify(.) by extensions ['ignore', 'ignore_ament_install']
[0.346s] Level 1:colcon.colcon_core.package_identification:_identify(.) by extension 'ignore'
[0.346s] Level 1:colcon.colcon_core.package_identification:_identify(.) by extension 'ignore_ament_install'
[0.347s] Level 1:colcon.colcon_core.package_identification:_identify(.) by extensions ['colcon_pkg']
[0.347s] Level 1:colcon.colcon_core.package_identification:_identify(.) by extension 'colcon_pkg'
[0.347s] Level 1:colcon.colcon_core.package_identification:_identify(.) by extensions ['colcon_meta']
[0.347s] Level 1:colcon.colcon_core.package_identification:_identify(.) by extension 'colcon_meta'
[0.347s] Level 1:colcon.colcon_core.package_identification:_identify(.) by extensions ['ros']
[0.347s] Level 1:colcon.colcon_core.package_identification:_identify(.) by extension 'ros'
[0.374s] DEBUG:colcon.colcon_core.package_identification:Package '.' with type 'ros.ament_cmake' and name 'particle_filter'
[0.374s] Level 1:colcon.colcon_core.package_discovery:discover_packages(recursive) using defaults
[0.374s] Level 1:colcon.colcon_core.package_discovery:discover_packages(ignore) discover
[0.374s] Level 1:colcon.colcon_core.package_discovery:discover_packages(ignore) using defaults
[0.374s] Level 1:colcon.colcon_core.package_discovery:discover_packages(path) discover
[0.374s] Level 1:colcon.colcon_core.package_discovery:discover_packages(path) using defaults
[0.400s] Level 1:colcon.colcon_core.package_discovery:discover_packages(prefix_path) check parameters
[0.400s] Level 1:colcon.colcon_core.package_discovery:discover_packages(prefix_path) discover
[0.402s] DEBUG:colcon.colcon_installed_package_information.package_discovery:Found 4 installed packages in /home/vboxuser/Documenti/Project/pf/install
[0.404s] DEBUG:colcon.colcon_installed_package_information.package_discovery:Found 257 installed packages in /opt/ros/foxy
[0.405s] Level 1:colcon.colcon_core.package_discovery:discover_packages(prefix_path) using defaults
[0.470s] Level 5:colcon.colcon_core.verb:set package 'particle_filter' build argument 'cmake_args' from command line to 'None'
[0.470s] Level 5:colcon.colcon_core.verb:set package 'particle_filter' build argument 'cmake_target' from command line to 'None'
[0.471s] Level 5:colcon.colcon_core.verb:set package 'particle_filter' build argument 'cmake_target_skip_unavailable' from command line to 'False'
[0.471s] Level 5:colcon.colcon_core.verb:set package 'particle_filter' build argument 'cmake_clean_cache' from command line to 'False'
[0.471s] Level 5:colcon.colcon_core.verb:set package 'particle_filter' build argument 'cmake_clean_first' from command line to 'False'
[0.471s] Level 5:colcon.colcon_core.verb:set package 'particle_filter' build argument 'cmake_force_configure' from command line to 'False'
[0.471s] Level 5:colcon.colcon_core.verb:set package 'particle_filter' build argument 'ament_cmake_args' from command line to 'None'
[0.471s] Level 5:colcon.colcon_core.verb:set package 'particle_filter' build argument 'catkin_cmake_args' from command line to 'None'
[0.471s] Level 5:colcon.colcon_core.verb:set package 'particle_filter' build argument 'catkin_skip_building_tests' from command line to 'False'
[0.471s] DEBUG:colcon.colcon_core.verb:Building package 'particle_filter' with the following arguments: {'ament_cmake_args': None, 'build_base': '/home/vboxuser/Documenti/Project/pf/build/particle_filter', 'catkin_cmake_args': None, 'catkin_skip_building_tests': False, 'cmake_args': None, 'cmake_clean_cache': False, 'cmake_clean_first': False, 'cmake_force_configure': False, 'cmake_target': None, 'cmake_target_skip_unavailable': False, 'install_base': '/home/vboxuser/Documenti/Project/pf/install/particle_filter', 'merge_install': False, 'path': '/home/vboxuser/Documenti/Project/pf', 'symlink_install': False, 'test_result_base': None}
[0.471s] INFO:colcon.colcon_core.executor:Executing jobs using 'parallel' executor
[0.474s] DEBUG:colcon.colcon_parallel_executor.executor.parallel:run_until_complete
[0.474s] INFO:colcon.colcon_ros.task.ament_cmake.build:Building ROS package in '/home/vboxuser/Documenti/Project/pf' with build type 'ament_cmake'
[0.474s] INFO:colcon.colcon_cmake.task.cmake.build:Building CMake package in '/home/vboxuser/Documenti/Project/pf'
[0.479s] INFO:colcon.colcon_core.plugin_system:Skipping extension 'colcon_core.shell.bat': Not used on non-Windows systems
[0.479s] INFO:colcon.colcon_core.shell:Skip shell extension 'powershell' for command environment: Not usable outside of PowerShell
[0.479s] DEBUG:colcon.colcon_core.shell:Skip shell extension 'dsv' for command environment
[0.496s] DEBUG:colcon.colcon_core.event_handler.log_command:Invoking command in '/home/vboxuser/Documenti/Project/pf/build/particle_filter': CMAKE_PREFIX_PATH=${CMAKE_PREFIX_PATH}:/home/vboxuser/Documenti/Project/pf/install/py_pubsub:/opt/ros/foxy /usr/bin/cmake /home/vboxuser/Documenti/Project/pf -DCMAKE_INSTALL_PREFIX=/home/vboxuser/Documenti/Project/pf/install/particle_filter
[1.658s] DEBUG:colcon.colcon_core.event_handler.log_command:Invoked command in '/home/vboxuser/Documenti/Project/pf/build/particle_filter' returned '0': CMAKE_PREFIX_PATH=${CMAKE_PREFIX_PATH}:/home/vboxuser/Documenti/Project/pf/install/py_pubsub:/opt/ros/foxy /usr/bin/cmake /home/vboxuser/Documenti/Project/pf -DCMAKE_INSTALL_PREFIX=/home/vboxuser/Documenti/Project/pf/install/particle_filter
[1.661s] DEBUG:colcon.colcon_core.event_handler.log_command:Invoking command in '/home/vboxuser/Documenti/Project/pf/build/particle_filter': CMAKE_PREFIX_PATH=${CMAKE_PREFIX_PATH}:/home/vboxuser/Documenti/Project/pf/install/py_pubsub:/opt/ros/foxy /usr/bin/cmake --build /home/vboxuser/Documenti/Project/pf/build/particle_filter -- -j2 -l2
[16.371s] DEBUG:colcon.colcon_core.event_handler.log_command:Invoked command in '/home/vboxuser/Documenti/Project/pf/build/particle_filter' returned '0': CMAKE_PREFIX_PATH=${CMAKE_PREFIX_PATH}:/home/vboxuser/Documenti/Project/pf/install/py_pubsub:/opt/ros/foxy /usr/bin/cmake --build /home/vboxuser/Documenti/Project/pf/build/particle_filter -- -j2 -l2
[16.417s] DEBUG:colcon.colcon_core.event_handler.log_command:Invoking command in '/home/vboxuser/Documenti/Project/pf/build/particle_filter': CMAKE_PREFIX_PATH=${CMAKE_PREFIX_PATH}:/home/vboxuser/Documenti/Project/pf/install/py_pubsub:/opt/ros/foxy /usr/bin/cmake --install /home/vboxuser/Documenti/Project/pf/build/particle_filter
[16.445s] Level 1:colcon.colcon_core.environment:create_environment_scripts_only(particle_filter)
[16.446s] DEBUG:colcon.colcon_core.event_handler.log_command:Invoked command in '/home/vboxuser/Documenti/Project/pf/build/particle_filter' returned '0': CMAKE_PREFIX_PATH=${CMAKE_PREFIX_PATH}:/home/vboxuser/Documenti/Project/pf/install/py_pubsub:/opt/ros/foxy /usr/bin/cmake --install /home/vboxuser/Documenti/Project/pf/build/particle_filter
[16.460s] Level 1:colcon.colcon_core.environment:checking '/home/vboxuser/Documenti/Project/pf/install/particle_filter' for CMake module files
[16.461s] Level 1:colcon.colcon_core.environment:checking '/home/vboxuser/Documenti/Project/pf/install/particle_filter' for CMake config files
[16.461s] Level 1:colcon.colcon_core.shell:create_environment_hook('particle_filter', 'cmake_prefix_path')
[16.462s] INFO:colcon.colcon_core.shell:Creating environment hook '/home/vboxuser/Documenti/Project/pf/install/particle_filter/share/particle_filter/hook/cmake_prefix_path.ps1'
[16.463s] INFO:colcon.colcon_core.shell:Creating environment descriptor '/home/vboxuser/Documenti/Project/pf/install/particle_filter/share/particle_filter/hook/cmake_prefix_path.dsv'
[16.464s] INFO:colcon.colcon_core.shell:Creating environment hook '/home/vboxuser/Documenti/Project/pf/install/particle_filter/share/particle_filter/hook/cmake_prefix_path.sh'
[16.465s] Level 1:colcon.colcon_core.environment:checking '/home/vboxuser/Documenti/Project/pf/install/particle_filter/lib'
[16.465s] Level 1:colcon.colcon_core.environment:checking '/home/vboxuser/Documenti/Project/pf/install/particle_filter/bin'
[16.466s] Level 1:colcon.colcon_core.environment:checking '/home/vboxuser/Documenti/Project/pf/install/particle_filter/lib/pkgconfig/particle_filter.pc'
[16.466s] Level 1:colcon.colcon_core.environment:checking '/home/vboxuser/Documenti/Project/pf/install/particle_filter/lib/python3.8/site-packages'
[16.466s] Level 1:colcon.colcon_core.environment:checking '/home/vboxuser/Documenti/Project/pf/install/particle_filter/bin'
[16.467s] INFO:colcon.colcon_core.shell:Creating package script '/home/vboxuser/Documenti/Project/pf/install/particle_filter/share/particle_filter/package.ps1'
[16.469s] INFO:colcon.colcon_core.shell:Creating package descriptor '/home/vboxuser/Documenti/Project/pf/install/particle_filter/share/particle_filter/package.dsv'
[16.470s] INFO:colcon.colcon_core.shell:Creating package script '/home/vboxuser/Documenti/Project/pf/install/particle_filter/share/particle_filter/package.sh'
[16.470s] INFO:colcon.colcon_core.shell:Creating package script '/home/vboxuser/Documenti/Project/pf/install/particle_filter/share/particle_filter/package.bash'
[16.471s] INFO:colcon.colcon_core.shell:Creating package script '/home/vboxuser/Documenti/Project/pf/install/particle_filter/share/particle_filter/package.zsh'
[16.472s] Level 1:colcon.colcon_core.environment:create_file_with_runtime_dependencies(/home/vboxuser/Documenti/Project/pf/install/particle_filter/share/colcon-core/packages/particle_filter)
[16.519s] Level 1:colcon.colcon_core.environment:create_environment_scripts_only(particle_filter)
[16.521s] Level 1:colcon.colcon_core.environment:checking '/home/vboxuser/Documenti/Project/pf/install/particle_filter' for CMake module files
[16.521s] Level 1:colcon.colcon_core.environment:checking '/home/vboxuser/Documenti/Project/pf/install/particle_filter' for CMake config files
[16.522s] Level 1:colcon.colcon_core.shell:create_environment_hook('particle_filter', 'cmake_prefix_path')
[16.523s] INFO:colcon.colcon_core.shell:Creating environment hook '/home/vboxuser/Documenti/Project/pf/install/particle_filter/share/particle_filter/hook/cmake_prefix_path.ps1'
[16.523s] INFO:colcon.colcon_core.shell:Creating environment descriptor '/home/vboxuser/Documenti/Project/pf/install/particle_filter/share/particle_filter/hook/cmake_prefix_path.dsv'
[16.524s] INFO:colcon.colcon_core.shell:Creating environment hook '/home/vboxuser/Documenti/Project/pf/install/particle_filter/share/particle_filter/hook/cmake_prefix_path.sh'
[16.524s] Level 1:colcon.colcon_core.environment:checking '/home/vboxuser/Documenti/Project/pf/install/particle_filter/lib'
[16.524s] Level 1:colcon.colcon_core.environment:checking '/home/vboxuser/Documenti/Project/pf/install/particle_filter/bin'
[16.525s] Level 1:colcon.colcon_core.environment:checking '/home/vboxuser/Documenti/Project/pf/install/particle_filter/lib/pkgconfig/particle_filter.pc'
[16.525s] Level 1:colcon.colcon_core.environment:checking '/home/vboxuser/Documenti/Project/pf/install/particle_filter/lib/python3.8/site-packages'
[16.525s] Level 1:colcon.colcon_core.environment:checking '/home/vboxuser/Documenti/Project/pf/install/particle_filter/bin'
[16.526s] INFO:colcon.colcon_core.shell:Creating package script '/home/vboxuser/Documenti/Project/pf/install/particle_filter/share/particle_filter/package.ps1'
[16.526s] INFO:colcon.colcon_core.shell:Creating package descriptor '/home/vboxuser/Documenti/Project/pf/install/particle_filter/share/particle_filter/package.dsv'
[16.527s] INFO:colcon.colcon_core.shell:Creating package script '/home/vboxuser/Documenti/Project/pf/install/particle_filter/share/particle_filter/package.sh'
[16.527s] INFO:colcon.colcon_core.shell:Creating package script '/home/vboxuser/Documenti/Project/pf/install/particle_filter/share/particle_filter/package.bash'
[16.528s] INFO:colcon.colcon_core.shell:Creating package script '/home/vboxuser/Documenti/Project/pf/install/particle_filter/share/particle_filter/package.zsh'
[16.528s] Level 1:colcon.colcon_core.environment:create_file_with_runtime_dependencies(/home/vboxuser/Documenti/Project/pf/install/particle_filter/share/colcon-core/packages/particle_filter)
[16.529s] DEBUG:colcon.colcon_parallel_executor.executor.parallel:closing loop
[16.529s] DEBUG:colcon.colcon_parallel_executor.executor.parallel:loop closed
[16.529s] DEBUG:colcon.colcon_parallel_executor.executor.parallel:run_until_complete finished with '0'
[16.529s] DEBUG:colcon.colcon_core.event_reactor:joining thread
[16.538s] INFO:colcon.colcon_core.plugin_system:Skipping extension 'colcon_notification.desktop_notification.terminal_notifier': Not used on non-Darwin systems
[16.538s] INFO:colcon.colcon_core.plugin_system:Skipping extension 'colcon_notification.desktop_notification.win32': Not used on non-Windows systems
[16.538s] INFO:colcon.colcon_notification.desktop_notification:Sending desktop notification using 'notify2'
[16.565s] DEBUG:colcon.colcon_core.event_reactor:joined thread
[16.566s] INFO:colcon.colcon_core.shell:Creating prefix script '/home/vboxuser/Documenti/Project/pf/install/local_setup.ps1'
[16.567s] INFO:colcon.colcon_core.shell:Creating prefix util module '/home/vboxuser/Documenti/Project/pf/install/_local_setup_util_ps1.py'
[16.569s] INFO:colcon.colcon_core.shell:Creating prefix chain script '/home/vboxuser/Documenti/Project/pf/install/setup.ps1'
[16.571s] INFO:colcon.colcon_core.shell:Creating prefix script '/home/vboxuser/Documenti/Project/pf/install/local_setup.sh'
[16.586s] INFO:colcon.colcon_core.shell:Creating prefix util module '/home/vboxuser/Documenti/Project/pf/install/_local_setup_util_sh.py'
[16.588s] INFO:colcon.colcon_core.shell:Creating prefix chain script '/home/vboxuser/Documenti/Project/pf/install/setup.sh'
[16.591s] INFO:colcon.colcon_core.shell:Creating prefix script '/home/vboxuser/Documenti/Project/pf/install/local_setup.bash'
[16.592s] INFO:colcon.colcon_core.shell:Creating prefix chain script '/home/vboxuser/Documenti/Project/pf/install/setup.bash'
[16.593s] INFO:colcon.colcon_core.shell:Creating prefix script '/home/vboxuser/Documenti/Project/pf/install/local_setup.zsh'
[16.594s] INFO:colcon.colcon_core.shell:Creating prefix chain script '/home/vboxuser/Documenti/Project/pf/install/setup.zsh'
