[0.212s] DEBUG:colcon:Command line arguments: ['/usr/bin/colcon', 'build']
[0.212s] DEBUG:colcon:Parsed command line arguments: Namespace(allow_overriding=[], ament_cmake_args=None, base_paths=['.'], build_base='build', catkin_cmake_args=None, catkin_skip_building_tests=False, cmake_args=None, cmake_clean_cache=False, cmake_clean_first=False, cmake_force_configure=False, cmake_target=None, cmake_target_skip_unavailable=False, continue_on_error=False, event_handlers=None, executor='parallel', ignore_user_meta=False, install_base='install', log_base=None, log_level=None, main=<bound method BuildVerb.main of <colcon_core.verb.build.BuildVerb object at 0x7f8cec751a60>>, merge_install=False, metas=['./colcon.meta'], packages_above=None, packages_above_and_dependencies=None, packages_above_depth=None, packages_end=None, packages_ignore=None, packages_ignore_regex=None, packages_select=None, packages_select_build_failed=False, packages_select_by_dep=None, packages_select_regex=None, packages_select_test_failures=False, packages_skip=None, packages_skip_build_finished=False, packages_skip_by_dep=None, packages_skip_regex=None, packages_skip_test_passed=False, packages_skip_up_to=None, packages_start=None, packages_up_to=None, packages_up_to_regex=None, parallel_workers=2, paths=None, symlink_install=False, test_result_base=None, verb_extension=<colcon_core.verb.build.BuildVerb object at 0x7f8cec751a60>, verb_name='build', verb_parser=<colcon_defaults.argument_parser.defaults.DefaultArgumentsDecorator object at 0x7f8cec75a040>)
[0.231s] Level 1:colcon.colcon_core.package_discovery:discover_packages(colcon_meta) check parameters
[0.231s] Level 1:colcon.colcon_core.package_discovery:discover_packages(recursive) check parameters
[0.231s] Level 1:colcon.colcon_core.package_discovery:discover_packages(ignore) check parameters
[0.231s] Level 1:colcon.colcon_core.package_discovery:discover_packages(path) check parameters
[0.231s] Level 1:colcon.colcon_core.package_discovery:discover_packages(colcon_meta) discover
[0.231s] Level 1:colcon.colcon_core.package_discovery:discover_packages(recursive) discover
[0.231s] INFO:colcon.colcon_core.package_discovery:Crawling recursively for packages in '/home/vboxuser/Documenti/Project/pf'
[0.231s] Level 1:colcon.colcon_core.package_identification:_identify(.) by extensions ['ignore', 'ignore_ament_install']
[0.231s] Level 1:colcon.colcon_core.package_identification:_identify(.) by extension 'ignore'
[0.231s] Level 1:colcon.colcon_core.package_identification:_identify(.) by extension 'ignore_ament_install'
[0.231s] Level 1:colcon.colcon_core.package_identification:_identify(.) by extensions ['colcon_pkg']
[0.231s] Level 1:colcon.colcon_core.package_identification:_identify(.) by extension 'colcon_pkg'
[0.231s] Level 1:colcon.colcon_core.package_identification:_identify(.) by extensions ['colcon_meta']
[0.231s] Level 1:colcon.colcon_core.package_identification:_identify(.) by extension 'colcon_meta'
[0.231s] Level 1:colcon.colcon_core.package_identification:_identify(.) by extensions ['ros']
[0.231s] Level 1:colcon.colcon_core.package_identification:_identify(.) by extension 'ros'
[0.250s] DEBUG:colcon.colcon_core.package_identification:Package '.' with type 'ros.ament_cmake' and name 'particle_filter'
[0.250s] Level 1:colcon.colcon_core.package_discovery:discover_packages(recursive) using defaults
[0.250s] Level 1:colcon.colcon_core.package_discovery:discover_packages(ignore) discover
[0.250s] Level 1:colcon.colcon_core.package_discovery:discover_packages(ignore) using defaults
[0.250s] Level 1:colcon.colcon_core.package_discovery:discover_packages(path) discover
[0.250s] Level 1:colcon.colcon_core.package_discovery:discover_packages(path) using defaults
[0.264s] Level 1:colcon.colcon_core.package_discovery:discover_packages(prefix_path) check parameters
[0.264s] Level 1:colcon.colcon_core.package_discovery:discover_packages(prefix_path) discover
[0.266s] DEBUG:colcon.colcon_installed_package_information.package_discovery:Found 4 installed packages in /home/vboxuser/Documenti/Project/pf/install
[0.267s] DEBUG:colcon.colcon_installed_package_information.package_discovery:Found 257 installed packages in /opt/ros/foxy
[0.268s] Level 1:colcon.colcon_core.package_discovery:discover_packages(prefix_path) using defaults
[0.318s] Level 5:colcon.colcon_core.verb:set package 'particle_filter' build argument 'cmake_args' from command line to 'None'
[0.318s] Level 5:colcon.colcon_core.verb:set package 'particle_filter' build argument 'cmake_target' from command line to 'None'
[0.318s] Level 5:colcon.colcon_core.verb:set package 'particle_filter' build argument 'cmake_target_skip_unavailable' from command line to 'False'
[0.318s] Level 5:colcon.colcon_core.verb:set package 'particle_filter' build argument 'cmake_clean_cache' from command line to 'False'
[0.318s] Level 5:colcon.colcon_core.verb:set package 'particle_filter' build argument 'cmake_clean_first' from command line to 'False'
[0.318s] Level 5:colcon.colcon_core.verb:set package 'particle_filter' build argument 'cmake_force_configure' from command line to 'False'
[0.318s] Level 5:colcon.colcon_core.verb:set package 'particle_filter' build argument 'ament_cmake_args' from command line to 'None'
[0.318s] Level 5:colcon.colcon_core.verb:set package 'particle_filter' build argument 'catkin_cmake_args' from command line to 'None'
[0.318s] Level 5:colcon.colcon_core.verb:set package 'particle_filter' build argument 'catkin_skip_building_tests' from command line to 'False'
[0.318s] DEBUG:colcon.colcon_core.verb:Building package 'particle_filter' with the following arguments: {'ament_cmake_args': None, 'build_base': '/home/vboxuser/Documenti/Project/pf/build/particle_filter', 'catkin_cmake_args': None, 'catkin_skip_building_tests': False, 'cmake_args': None, 'cmake_clean_cache': False, 'cmake_clean_first': False, 'cmake_force_configure': False, 'cmake_target': None, 'cmake_target_skip_unavailable': False, 'install_base': '/home/vboxuser/Documenti/Project/pf/install/particle_filter', 'merge_install': False, 'path': '/home/vboxuser/Documenti/Project/pf', 'symlink_install': False, 'test_result_base': None}
[0.318s] INFO:colcon.colcon_core.executor:Executing jobs using 'parallel' executor
[0.321s] DEBUG:colcon.colcon_parallel_executor.executor.parallel:run_until_complete
[0.321s] INFO:colcon.colcon_ros.task.ament_cmake.build:Building ROS package in '/home/vboxuser/Documenti/Project/pf' with build type 'ament_cmake'
[0.321s] INFO:colcon.colcon_cmake.task.cmake.build:Building CMake package in '/home/vboxuser/Documenti/Project/pf'
[0.324s] INFO:colcon.colcon_core.plugin_system:Skipping extension 'colcon_core.shell.bat': Not used on non-Windows systems
[0.324s] INFO:colcon.colcon_core.shell:Skip shell extension 'powershell' for command environment: Not usable outside of PowerShell
[0.324s] DEBUG:colcon.colcon_core.shell:Skip shell extension 'dsv' for command environment
[0.335s] DEBUG:colcon.colcon_core.event_handler.log_command:Invoking command in '/home/vboxuser/Documenti/Project/pf/build/particle_filter': CMAKE_PREFIX_PATH=${CMAKE_PREFIX_PATH}:/home/vboxuser/Documenti/Project/pf/install/py_pubsub:/opt/ros/foxy /usr/bin/cmake --build /home/vboxuser/Documenti/Project/pf/build/particle_filter -- -j2 -l2
[12.577s] DEBUG:colcon.colcon_core.event_handler.log_command:Invoked command in '/home/vboxuser/Documenti/Project/pf/build/particle_filter' returned '0': CMAKE_PREFIX_PATH=${CMAKE_PREFIX_PATH}:/home/vboxuser/Documenti/Project/pf/install/py_pubsub:/opt/ros/foxy /usr/bin/cmake --build /home/vboxuser/Documenti/Project/pf/build/particle_filter -- -j2 -l2
[12.612s] DEBUG:colcon.colcon_core.event_handler.log_command:Invoking command in '/home/vboxuser/Documenti/Project/pf/build/particle_filter': CMAKE_PREFIX_PATH=${CMAKE_PREFIX_PATH}:/home/vboxuser/Documenti/Project/pf/install/py_pubsub:/opt/ros/foxy /usr/bin/cmake --install /home/vboxuser/Documenti/Project/pf/build/particle_filter
[12.632s] Level 1:colcon.colcon_core.environment:create_environment_scripts_only(particle_filter)
[12.636s] Level 1:colcon.colcon_core.environment:checking '/home/vboxuser/Documenti/Project/pf/install/particle_filter' for CMake module files
[12.637s] Level 1:colcon.colcon_core.environment:checking '/home/vboxuser/Documenti/Project/pf/install/particle_filter' for CMake config files
[12.637s] Level 1:colcon.colcon_core.shell:create_environment_hook('particle_filter', 'cmake_prefix_path')
[12.638s] INFO:colcon.colcon_core.shell:Creating environment hook '/home/vboxuser/Documenti/Project/pf/install/particle_filter/share/particle_filter/hook/cmake_prefix_path.ps1'
[12.638s] INFO:colcon.colcon_core.shell:Creating environment descriptor '/home/vboxuser/Documenti/Project/pf/install/particle_filter/share/particle_filter/hook/cmake_prefix_path.dsv'
[12.639s] DEBUG:colcon.colcon_core.event_handler.log_command:Invoked command in '/home/vboxuser/Documenti/Project/pf/build/particle_filter' returned '0': CMAKE_PREFIX_PATH=${CMAKE_PREFIX_PATH}:/home/vboxuser/Documenti/Project/pf/install/py_pubsub:/opt/ros/foxy /usr/bin/cmake --install /home/vboxuser/Documenti/Project/pf/build/particle_filter
[12.639s] INFO:colcon.colcon_core.shell:Creating environment hook '/home/vboxuser/Documenti/Project/pf/install/particle_filter/share/particle_filter/hook/cmake_prefix_path.sh'
[12.639s] Level 1:colcon.colcon_core.environment:checking '/home/vboxuser/Documenti/Project/pf/install/particle_filter/lib'
[12.640s] Level 1:colcon.colcon_core.environment:checking '/home/vboxuser/Documenti/Project/pf/install/particle_filter/bin'
[12.640s] Level 1:colcon.colcon_core.environment:checking '/home/vboxuser/Documenti/Project/pf/install/particle_filter/lib/pkgconfig/particle_filter.pc'
[12.640s] Level 1:colcon.colcon_core.environment:checking '/home/vboxuser/Documenti/Project/pf/install/particle_filter/lib/python3.8/site-packages'
[12.640s] Level 1:colcon.colcon_core.environment:checking '/home/vboxuser/Documenti/Project/pf/install/particle_filter/bin'
[12.641s] INFO:colcon.colcon_core.shell:Creating package script '/home/vboxuser/Documenti/Project/pf/install/particle_filter/share/particle_filter/package.ps1'
[12.641s] INFO:colcon.colcon_core.shell:Creating package descriptor '/home/vboxuser/Documenti/Project/pf/install/particle_filter/share/particle_filter/package.dsv'
[12.642s] INFO:colcon.colcon_core.shell:Creating package script '/home/vboxuser/Documenti/Project/pf/install/particle_filter/share/particle_filter/package.sh'
[12.642s] INFO:colcon.colcon_core.shell:Creating package script '/home/vboxuser/Documenti/Project/pf/install/particle_filter/share/particle_filter/package.bash'
[12.643s] INFO:colcon.colcon_core.shell:Creating package script '/home/vboxuser/Documenti/Project/pf/install/particle_filter/share/particle_filter/package.zsh'
[12.643s] Level 1:colcon.colcon_core.environment:create_file_with_runtime_dependencies(/home/vboxuser/Documenti/Project/pf/install/particle_filter/share/colcon-core/packages/particle_filter)
[12.675s] Level 1:colcon.colcon_core.environment:create_environment_scripts_only(particle_filter)
[12.676s] Level 1:colcon.colcon_core.environment:checking '/home/vboxuser/Documenti/Project/pf/install/particle_filter' for CMake module files
[12.677s] Level 1:colcon.colcon_core.environment:checking '/home/vboxuser/Documenti/Project/pf/install/particle_filter' for CMake config files
[12.677s] Level 1:colcon.colcon_core.shell:create_environment_hook('particle_filter', 'cmake_prefix_path')
[12.678s] INFO:colcon.colcon_core.shell:Creating environment hook '/home/vboxuser/Documenti/Project/pf/install/particle_filter/share/particle_filter/hook/cmake_prefix_path.ps1'
[12.678s] INFO:colcon.colcon_core.shell:Creating environment descriptor '/home/vboxuser/Documenti/Project/pf/install/particle_filter/share/particle_filter/hook/cmake_prefix_path.dsv'
[12.679s] INFO:colcon.colcon_core.shell:Creating environment hook '/home/vboxuser/Documenti/Project/pf/install/particle_filter/share/particle_filter/hook/cmake_prefix_path.sh'
[12.679s] Level 1:colcon.colcon_core.environment:checking '/home/vboxuser/Documenti/Project/pf/install/particle_filter/lib'
[12.679s] Level 1:colcon.colcon_core.environment:checking '/home/vboxuser/Documenti/Project/pf/install/particle_filter/bin'
[12.679s] Level 1:colcon.colcon_core.environment:checking '/home/vboxuser/Documenti/Project/pf/install/particle_filter/lib/pkgconfig/particle_filter.pc'
[12.679s] Level 1:colcon.colcon_core.environment:checking '/home/vboxuser/Documenti/Project/pf/install/particle_filter/lib/python3.8/site-packages'
[12.679s] Level 1:colcon.colcon_core.environment:checking '/home/vboxuser/Documenti/Project/pf/install/particle_filter/bin'
[12.680s] INFO:colcon.colcon_core.shell:Creating package script '/home/vboxuser/Documenti/Project/pf/install/particle_filter/share/particle_filter/package.ps1'
[12.681s] INFO:colcon.colcon_core.shell:Creating package descriptor '/home/vboxuser/Documenti/Project/pf/install/particle_filter/share/particle_filter/package.dsv'
[12.681s] INFO:colcon.colcon_core.shell:Creating package script '/home/vboxuser/Documenti/Project/pf/install/particle_filter/share/particle_filter/package.sh'
[12.681s] INFO:colcon.colcon_core.shell:Creating package script '/home/vboxuser/Documenti/Project/pf/install/particle_filter/share/particle_filter/package.bash'
[12.682s] INFO:colcon.colcon_core.shell:Creating package script '/home/vboxuser/Documenti/Project/pf/install/particle_filter/share/particle_filter/package.zsh'
[12.682s] Level 1:colcon.colcon_core.environment:create_file_with_runtime_dependencies(/home/vboxuser/Documenti/Project/pf/install/particle_filter/share/colcon-core/packages/particle_filter)
[12.683s] DEBUG:colcon.colcon_parallel_executor.executor.parallel:closing loop
[12.683s] DEBUG:colcon.colcon_parallel_executor.executor.parallel:loop closed
[12.683s] DEBUG:colcon.colcon_parallel_executor.executor.parallel:run_until_complete finished with '0'
[12.683s] DEBUG:colcon.colcon_core.event_reactor:joining thread
[12.691s] INFO:colcon.colcon_core.plugin_system:Skipping extension 'colcon_notification.desktop_notification.terminal_notifier': Not used on non-Darwin systems
[12.692s] INFO:colcon.colcon_core.plugin_system:Skipping extension 'colcon_notification.desktop_notification.win32': Not used on non-Windows systems
[12.692s] INFO:colcon.colcon_notification.desktop_notification:Sending desktop notification using 'notify2'
[12.705s] DEBUG:colcon.colcon_core.event_reactor:joined thread
[12.706s] INFO:colcon.colcon_core.shell:Creating prefix script '/home/vboxuser/Documenti/Project/pf/install/local_setup.ps1'
[12.709s] INFO:colcon.colcon_core.shell:Creating prefix util module '/home/vboxuser/Documenti/Project/pf/install/_local_setup_util_ps1.py'
[12.720s] INFO:colcon.colcon_core.shell:Creating prefix chain script '/home/vboxuser/Documenti/Project/pf/install/setup.ps1'
[12.722s] INFO:colcon.colcon_core.shell:Creating prefix script '/home/vboxuser/Documenti/Project/pf/install/local_setup.sh'
[12.722s] INFO:colcon.colcon_core.shell:Creating prefix util module '/home/vboxuser/Documenti/Project/pf/install/_local_setup_util_sh.py'
[12.723s] INFO:colcon.colcon_core.shell:Creating prefix chain script '/home/vboxuser/Documenti/Project/pf/install/setup.sh'
[12.724s] INFO:colcon.colcon_core.shell:Creating prefix script '/home/vboxuser/Documenti/Project/pf/install/local_setup.bash'
[12.724s] INFO:colcon.colcon_core.shell:Creating prefix chain script '/home/vboxuser/Documenti/Project/pf/install/setup.bash'
[12.725s] INFO:colcon.colcon_core.shell:Creating prefix script '/home/vboxuser/Documenti/Project/pf/install/local_setup.zsh'
[12.725s] INFO:colcon.colcon_core.shell:Creating prefix chain script '/home/vboxuser/Documenti/Project/pf/install/setup.zsh'
